<?xml version="1.0" encoding="UTF-8"?>
<!-- Generated by org.testng.reporters.JUnitReportReporter -->
<testsuite hostname="DESKTOP-LAK4O3A" failures="0" tests="3" name="testPackage.Day1" time="0.007" errors="0" timestamp="2024-03-07T19:27:49 EST" skipped="0">
  <testcase classname="testPackage.Day1" name="Demo1" time="0.000"/>
  <system-out/>
  <testcase classname="testPackage.Day1" name="Demo3" time="0.004"/>
  <system-out/>
  <testcase classname="testPackage.Day1" name="Demo2" time="0.003"/>
  <system-out/>
</testsuite> <!-- testPackage.Day1 -->
